The system is: Linux - 3.18.11-gentoo - x86_64
Compiling the CXX compiler identification source file "CMakeCXXCompilerId.cpp" succeeded.
Compiler: /usr/bin/c++ 
Build flags: 
Id flags: 

The output was:
0


Compilation of the CXX compiler identification source "CMakeCXXCompilerId.cpp" produced "a.out"

The CXX compiler identification is GNU, found in "/home/mjo/temp/SMA_Toolbox/tags/DEstimator-1.0/build/linux.release/DEstimator/CMakeFiles/3.2.1/CompilerIdCXX/a.out"

Determining if the CXX compiler works passed with the following output:
Change Dir: /home/mjo/temp/SMA_Toolbox/tags/DEstimator-1.0/build/linux.release/DEstimator/CMakeFiles/CMakeTmp

Run Build Command:"/usr/bin/gmake" "cmTryCompileExec1247202587/fast"
/usr/bin/gmake -f CMakeFiles/cmTryCompileExec1247202587.dir/build.make CMakeFiles/cmTryCompileExec1247202587.dir/build
gmake[1]: Entering directory '/home/mjo/temp/SMA_Toolbox/tags/DEstimator-1.0/build/linux.release/DEstimator/CMakeFiles/CMakeTmp'
/usr/bin/cmake -E cmake_progress_report /home/mjo/temp/SMA_Toolbox/tags/DEstimator-1.0/build/linux.release/DEstimator/CMakeFiles/CMakeTmp/CMakeFiles 1
Building CXX object CMakeFiles/cmTryCompileExec1247202587.dir/testCXXCompiler.cxx.o
/usr/bin/c++     -o CMakeFiles/cmTryCompileExec1247202587.dir/testCXXCompiler.cxx.o -c /home/mjo/temp/SMA_Toolbox/tags/DEstimator-1.0/build/linux.release/DEstimator/CMakeFiles/CMakeTmp/testCXXCompiler.cxx
Linking CXX executable cmTryCompileExec1247202587
/usr/bin/cmake -E cmake_link_script CMakeFiles/cmTryCompileExec1247202587.dir/link.txt --verbose=1
/usr/bin/c++        CMakeFiles/cmTryCompileExec1247202587.dir/testCXXCompiler.cxx.o  -o cmTryCompileExec1247202587 -rdynamic 
gmake[1]: Leaving directory '/home/mjo/temp/SMA_Toolbox/tags/DEstimator-1.0/build/linux.release/DEstimator/CMakeFiles/CMakeTmp'


Detecting CXX compiler ABI info compiled with the following output:
Change Dir: /home/mjo/temp/SMA_Toolbox/tags/DEstimator-1.0/build/linux.release/DEstimator/CMakeFiles/CMakeTmp

Run Build Command:"/usr/bin/gmake" "cmTryCompileExec2301527383/fast"
/usr/bin/gmake -f CMakeFiles/cmTryCompileExec2301527383.dir/build.make CMakeFiles/cmTryCompileExec2301527383.dir/build
gmake[1]: Entering directory '/home/mjo/temp/SMA_Toolbox/tags/DEstimator-1.0/build/linux.release/DEstimator/CMakeFiles/CMakeTmp'
/usr/bin/cmake -E cmake_progress_report /home/mjo/temp/SMA_Toolbox/tags/DEstimator-1.0/build/linux.release/DEstimator/CMakeFiles/CMakeTmp/CMakeFiles 1
Building CXX object CMakeFiles/cmTryCompileExec2301527383.dir/CMakeCXXCompilerABI.cpp.o
/usr/bin/c++     -o CMakeFiles/cmTryCompileExec2301527383.dir/CMakeCXXCompilerABI.cpp.o -c /usr/share/cmake/Modules/CMakeCXXCompilerABI.cpp
Linking CXX executable cmTryCompileExec2301527383
/usr/bin/cmake -E cmake_link_script CMakeFiles/cmTryCompileExec2301527383.dir/link.txt --verbose=1
/usr/bin/c++       -v CMakeFiles/cmTryCompileExec2301527383.dir/CMakeCXXCompilerABI.cpp.o  -o cmTryCompileExec2301527383 -rdynamic  
Using built-in specs.
COLLECT_GCC=/usr/x86_64-pc-linux-gnu/gcc-bin/4.9.2/c++
COLLECT_LTO_WRAPPER=/usr/libexec/gcc/x86_64-pc-linux-gnu/4.9.2/lto-wrapper
Target: x86_64-pc-linux-gnu
Configured with: /var/tmp/portage/sys-devel/gcc-4.9.2/work/gcc-4.9.2/configure --host=x86_64-pc-linux-gnu --build=x86_64-pc-linux-gnu --prefix=/usr --bindir=/usr/x86_64-pc-linux-gnu/gcc-bin/4.9.2 --includedir=/usr/lib/gcc/x86_64-pc-linux-gnu/4.9.2/include --datadir=/usr/share/gcc-data/x86_64-pc-linux-gnu/4.9.2 --mandir=/usr/share/gcc-data/x86_64-pc-linux-gnu/4.9.2/man --infodir=/usr/share/gcc-data/x86_64-pc-linux-gnu/4.9.2/info --with-gxx-include-dir=/usr/lib/gcc/x86_64-pc-linux-gnu/4.9.2/include/g++-v4 --with-python-dir=/share/gcc-data/x86_64-pc-linux-gnu/4.9.2/python --enable-languages=c,c++,java,fortran --enable-obsolete --enable-secureplt --disable-werror --with-system-zlib --enable-nls --without-included-gettext --enable-checking=release --with-bugurl=https://bugs.gentoo.org/ --with-pkgversion='Gentoo 4.9.2 p1.3, pie-0.6.2' --enable-libstdcxx-time --enable-shared --enable-threads=posix --enable-__cxa_atexit --enable-clocale=gnu --enable-multilib --with-multilib-list=m32,m64 --disable-altivec --disable-fixed-point --enable-targets=all --enable-libgomp --disable-libmudflap --disable-libssp --disable-libcilkrts --enable-lto --without-cloog --enable-libsanitizer
Thread model: posix
gcc version 4.9.2 (Gentoo 4.9.2 p1.3, pie-0.6.2) 
COMPILER_PATH=/usr/libexec/gcc/x86_64-pc-linux-gnu/4.9.2/:/usr/libexec/gcc/x86_64-pc-linux-gnu/4.9.2/:/usr/libexec/gcc/x86_64-pc-linux-gnu/:/usr/lib/gcc/x86_64-pc-linux-gnu/4.9.2/:/usr/lib/gcc/x86_64-pc-linux-gnu/:/usr/lib/gcc/x86_64-pc-linux-gnu/4.9.2/../../../../x86_64-pc-linux-gnu/bin/
LIBRARY_PATH=/usr/lib/gcc/x86_64-pc-linux-gnu/4.9.2/:/usr/lib/gcc/x86_64-pc-linux-gnu/4.9.2/../../../../lib64/:/lib/../lib64/:/usr/lib/../lib64/:/usr/lib/gcc/x86_64-pc-linux-gnu/4.9.2/../../../../x86_64-pc-linux-gnu/lib/:/usr/lib/gcc/x86_64-pc-linux-gnu/4.9.2/../../../:/lib/:/usr/lib/
COLLECT_GCC_OPTIONS='-v' '-o' 'cmTryCompileExec2301527383' '-rdynamic' '-shared-libgcc' '-mtune=generic' '-march=x86-64'
 /usr/libexec/gcc/x86_64-pc-linux-gnu/4.9.2/collect2 -plugin /usr/libexec/gcc/x86_64-pc-linux-gnu/4.9.2/liblto_plugin.so -plugin-opt=/usr/libexec/gcc/x86_64-pc-linux-gnu/4.9.2/lto-wrapper -plugin-opt=-fresolution=/tmp/ccIqdT0A.res -plugin-opt=-pass-through=-lgcc_s -plugin-opt=-pass-through=-lgcc -plugin-opt=-pass-through=-lc -plugin-opt=-pass-through=-lgcc_s -plugin-opt=-pass-through=-lgcc --eh-frame-hdr -m elf_x86_64 -export-dynamic -dynamic-linker /lib64/ld-linux-x86-64.so.2 -o cmTryCompileExec2301527383 /usr/lib/gcc/x86_64-pc-linux-gnu/4.9.2/../../../../lib64/crt1.o /usr/lib/gcc/x86_64-pc-linux-gnu/4.9.2/../../../../lib64/crti.o /usr/lib/gcc/x86_64-pc-linux-gnu/4.9.2/crtbegin.o -L/usr/lib/gcc/x86_64-pc-linux-gnu/4.9.2 -L/usr/lib/gcc/x86_64-pc-linux-gnu/4.9.2/../../../../lib64 -L/lib/../lib64 -L/usr/lib/../lib64 -L/usr/lib/gcc/x86_64-pc-linux-gnu/4.9.2/../../../../x86_64-pc-linux-gnu/lib -L/usr/lib/gcc/x86_64-pc-linux-gnu/4.9.2/../../.. CMakeFiles/cmTryCompileExec2301527383.dir/CMakeCXXCompilerABI.cpp.o -lstdc++ -lm -lgcc_s -lgcc -lc -lgcc_s -lgcc /usr/lib/gcc/x86_64-pc-linux-gnu/4.9.2/crtend.o /usr/lib/gcc/x86_64-pc-linux-gnu/4.9.2/../../../../lib64/crtn.o
gmake[1]: Leaving directory '/home/mjo/temp/SMA_Toolbox/tags/DEstimator-1.0/build/linux.release/DEstimator/CMakeFiles/CMakeTmp'


Parsed CXX implicit link information from above output:
  link line regex: [^( *|.*[/\])(ld|([^/\]+-)?ld|collect2)[^/\]*( |$)]
  ignore line: [Change Dir: /home/mjo/temp/SMA_Toolbox/tags/DEstimator-1.0/build/linux.release/DEstimator/CMakeFiles/CMakeTmp]
  ignore line: []
  ignore line: [Run Build Command:"/usr/bin/gmake" "cmTryCompileExec2301527383/fast"]
  ignore line: [/usr/bin/gmake -f CMakeFiles/cmTryCompileExec2301527383.dir/build.make CMakeFiles/cmTryCompileExec2301527383.dir/build]
  ignore line: [gmake[1]: Entering directory '/home/mjo/temp/SMA_Toolbox/tags/DEstimator-1.0/build/linux.release/DEstimator/CMakeFiles/CMakeTmp']
  ignore line: [/usr/bin/cmake -E cmake_progress_report /home/mjo/temp/SMA_Toolbox/tags/DEstimator-1.0/build/linux.release/DEstimator/CMakeFiles/CMakeTmp/CMakeFiles 1]
  ignore line: [Building CXX object CMakeFiles/cmTryCompileExec2301527383.dir/CMakeCXXCompilerABI.cpp.o]
  ignore line: [/usr/bin/c++     -o CMakeFiles/cmTryCompileExec2301527383.dir/CMakeCXXCompilerABI.cpp.o -c /usr/share/cmake/Modules/CMakeCXXCompilerABI.cpp]
  ignore line: [Linking CXX executable cmTryCompileExec2301527383]
  ignore line: [/usr/bin/cmake -E cmake_link_script CMakeFiles/cmTryCompileExec2301527383.dir/link.txt --verbose=1]
  ignore line: [/usr/bin/c++       -v CMakeFiles/cmTryCompileExec2301527383.dir/CMakeCXXCompilerABI.cpp.o  -o cmTryCompileExec2301527383 -rdynamic  ]
  ignore line: [Using built-in specs.]
  ignore line: [COLLECT_GCC=/usr/x86_64-pc-linux-gnu/gcc-bin/4.9.2/c++]
  ignore line: [COLLECT_LTO_WRAPPER=/usr/libexec/gcc/x86_64-pc-linux-gnu/4.9.2/lto-wrapper]
  ignore line: [Target: x86_64-pc-linux-gnu]
  ignore line: [Configured with: /var/tmp/portage/sys-devel/gcc-4.9.2/work/gcc-4.9.2/configure --host=x86_64-pc-linux-gnu --build=x86_64-pc-linux-gnu --prefix=/usr --bindir=/usr/x86_64-pc-linux-gnu/gcc-bin/4.9.2 --includedir=/usr/lib/gcc/x86_64-pc-linux-gnu/4.9.2/include --datadir=/usr/share/gcc-data/x86_64-pc-linux-gnu/4.9.2 --mandir=/usr/share/gcc-data/x86_64-pc-linux-gnu/4.9.2/man --infodir=/usr/share/gcc-data/x86_64-pc-linux-gnu/4.9.2/info --with-gxx-include-dir=/usr/lib/gcc/x86_64-pc-linux-gnu/4.9.2/include/g++-v4 --with-python-dir=/share/gcc-data/x86_64-pc-linux-gnu/4.9.2/python --enable-languages=c,c++,java,fortran --enable-obsolete --enable-secureplt --disable-werror --with-system-zlib --enable-nls --without-included-gettext --enable-checking=release --with-bugurl=https://bugs.gentoo.org/ --with-pkgversion='Gentoo 4.9.2 p1.3, pie-0.6.2' --enable-libstdcxx-time --enable-shared --enable-threads=posix --enable-__cxa_atexit --enable-clocale=gnu --enable-multilib --with-multilib-list=m32,m64 --disable-altivec --disable-fixed-point --enable-targets=all --enable-libgomp --disable-libmudflap --disable-libssp --disable-libcilkrts --enable-lto --without-cloog --enable-libsanitizer]
  ignore line: [Thread model: posix]
  ignore line: [gcc version 4.9.2 (Gentoo 4.9.2 p1.3, pie-0.6.2) ]
  ignore line: [COMPILER_PATH=/usr/libexec/gcc/x86_64-pc-linux-gnu/4.9.2/:/usr/libexec/gcc/x86_64-pc-linux-gnu/4.9.2/:/usr/libexec/gcc/x86_64-pc-linux-gnu/:/usr/lib/gcc/x86_64-pc-linux-gnu/4.9.2/:/usr/lib/gcc/x86_64-pc-linux-gnu/:/usr/lib/gcc/x86_64-pc-linux-gnu/4.9.2/../../../../x86_64-pc-linux-gnu/bin/]
  ignore line: [LIBRARY_PATH=/usr/lib/gcc/x86_64-pc-linux-gnu/4.9.2/:/usr/lib/gcc/x86_64-pc-linux-gnu/4.9.2/../../../../lib64/:/lib/../lib64/:/usr/lib/../lib64/:/usr/lib/gcc/x86_64-pc-linux-gnu/4.9.2/../../../../x86_64-pc-linux-gnu/lib/:/usr/lib/gcc/x86_64-pc-linux-gnu/4.9.2/../../../:/lib/:/usr/lib/]
  ignore line: [COLLECT_GCC_OPTIONS='-v' '-o' 'cmTryCompileExec2301527383' '-rdynamic' '-shared-libgcc' '-mtune=generic' '-march=x86-64']
  link line: [ /usr/libexec/gcc/x86_64-pc-linux-gnu/4.9.2/collect2 -plugin /usr/libexec/gcc/x86_64-pc-linux-gnu/4.9.2/liblto_plugin.so -plugin-opt=/usr/libexec/gcc/x86_64-pc-linux-gnu/4.9.2/lto-wrapper -plugin-opt=-fresolution=/tmp/ccIqdT0A.res -plugin-opt=-pass-through=-lgcc_s -plugin-opt=-pass-through=-lgcc -plugin-opt=-pass-through=-lc -plugin-opt=-pass-through=-lgcc_s -plugin-opt=-pass-through=-lgcc --eh-frame-hdr -m elf_x86_64 -export-dynamic -dynamic-linker /lib64/ld-linux-x86-64.so.2 -o cmTryCompileExec2301527383 /usr/lib/gcc/x86_64-pc-linux-gnu/4.9.2/../../../../lib64/crt1.o /usr/lib/gcc/x86_64-pc-linux-gnu/4.9.2/../../../../lib64/crti.o /usr/lib/gcc/x86_64-pc-linux-gnu/4.9.2/crtbegin.o -L/usr/lib/gcc/x86_64-pc-linux-gnu/4.9.2 -L/usr/lib/gcc/x86_64-pc-linux-gnu/4.9.2/../../../../lib64 -L/lib/../lib64 -L/usr/lib/../lib64 -L/usr/lib/gcc/x86_64-pc-linux-gnu/4.9.2/../../../../x86_64-pc-linux-gnu/lib -L/usr/lib/gcc/x86_64-pc-linux-gnu/4.9.2/../../.. CMakeFiles/cmTryCompileExec2301527383.dir/CMakeCXXCompilerABI.cpp.o -lstdc++ -lm -lgcc_s -lgcc -lc -lgcc_s -lgcc /usr/lib/gcc/x86_64-pc-linux-gnu/4.9.2/crtend.o /usr/lib/gcc/x86_64-pc-linux-gnu/4.9.2/../../../../lib64/crtn.o]
    arg [/usr/libexec/gcc/x86_64-pc-linux-gnu/4.9.2/collect2] ==> ignore
    arg [-plugin] ==> ignore
    arg [/usr/libexec/gcc/x86_64-pc-linux-gnu/4.9.2/liblto_plugin.so] ==> ignore
    arg [-plugin-opt=/usr/libexec/gcc/x86_64-pc-linux-gnu/4.9.2/lto-wrapper] ==> ignore
    arg [-plugin-opt=-fresolution=/tmp/ccIqdT0A.res] ==> ignore
    arg [-plugin-opt=-pass-through=-lgcc_s] ==> ignore
    arg [-plugin-opt=-pass-through=-lgcc] ==> ignore
    arg [-plugin-opt=-pass-through=-lc] ==> ignore
    arg [-plugin-opt=-pass-through=-lgcc_s] ==> ignore
    arg [-plugin-opt=-pass-through=-lgcc] ==> ignore
    arg [--eh-frame-hdr] ==> ignore
    arg [-m] ==> ignore
    arg [elf_x86_64] ==> ignore
    arg [-export-dynamic] ==> ignore
    arg [-dynamic-linker] ==> ignore
    arg [/lib64/ld-linux-x86-64.so.2] ==> ignore
    arg [-o] ==> ignore
    arg [cmTryCompileExec2301527383] ==> ignore
    arg [/usr/lib/gcc/x86_64-pc-linux-gnu/4.9.2/../../../../lib64/crt1.o] ==> ignore
    arg [/usr/lib/gcc/x86_64-pc-linux-gnu/4.9.2/../../../../lib64/crti.o] ==> ignore
    arg [/usr/lib/gcc/x86_64-pc-linux-gnu/4.9.2/crtbegin.o] ==> ignore
    arg [-L/usr/lib/gcc/x86_64-pc-linux-gnu/4.9.2] ==> dir [/usr/lib/gcc/x86_64-pc-linux-gnu/4.9.2]
    arg [-L/usr/lib/gcc/x86_64-pc-linux-gnu/4.9.2/../../../../lib64] ==> dir [/usr/lib/gcc/x86_64-pc-linux-gnu/4.9.2/../../../../lib64]
    arg [-L/lib/../lib64] ==> dir [/lib/../lib64]
    arg [-L/usr/lib/../lib64] ==> dir [/usr/lib/../lib64]
    arg [-L/usr/lib/gcc/x86_64-pc-linux-gnu/4.9.2/../../../../x86_64-pc-linux-gnu/lib] ==> dir [/usr/lib/gcc/x86_64-pc-linux-gnu/4.9.2/../../../../x86_64-pc-linux-gnu/lib]
    arg [-L/usr/lib/gcc/x86_64-pc-linux-gnu/4.9.2/../../..] ==> dir [/usr/lib/gcc/x86_64-pc-linux-gnu/4.9.2/../../..]
    arg [CMakeFiles/cmTryCompileExec2301527383.dir/CMakeCXXCompilerABI.cpp.o] ==> ignore
    arg [-lstdc++] ==> lib [stdc++]
    arg [-lm] ==> lib [m]
    arg [-lgcc_s] ==> lib [gcc_s]
    arg [-lgcc] ==> lib [gcc]
    arg [-lc] ==> lib [c]
    arg [-lgcc_s] ==> lib [gcc_s]
    arg [-lgcc] ==> lib [gcc]
    arg [/usr/lib/gcc/x86_64-pc-linux-gnu/4.9.2/crtend.o] ==> ignore
    arg [/usr/lib/gcc/x86_64-pc-linux-gnu/4.9.2/../../../../lib64/crtn.o] ==> ignore
  remove lib [gcc_s]
  remove lib [gcc]
  remove lib [gcc_s]
  remove lib [gcc]
  collapse library dir [/usr/lib/gcc/x86_64-pc-linux-gnu/4.9.2] ==> [/usr/lib/gcc/x86_64-pc-linux-gnu/4.9.2]
  collapse library dir [/usr/lib/gcc/x86_64-pc-linux-gnu/4.9.2/../../../../lib64] ==> [/usr/lib64]
  collapse library dir [/lib/../lib64] ==> [/lib64]
  collapse library dir [/usr/lib/../lib64] ==> [/usr/lib64]
  collapse library dir [/usr/lib/gcc/x86_64-pc-linux-gnu/4.9.2/../../../../x86_64-pc-linux-gnu/lib] ==> [/usr/x86_64-pc-linux-gnu/lib]
  collapse library dir [/usr/lib/gcc/x86_64-pc-linux-gnu/4.9.2/../../..] ==> [/usr/lib]
  implicit libs: [stdc++;m;c]
  implicit dirs: [/usr/lib/gcc/x86_64-pc-linux-gnu/4.9.2;/usr/lib64;/lib64;/usr/x86_64-pc-linux-gnu/lib;/usr/lib]
  implicit fwks: []




Detecting CXX [-std=c++14] compiler features compiled with the following output:
Change Dir: /home/mjo/temp/SMA_Toolbox/tags/DEstimator-1.0/build/linux.release/DEstimator/CMakeFiles/CMakeTmp

Run Build Command:"/usr/bin/gmake" "cmTryCompileExec2172674030/fast"
/usr/bin/gmake -f CMakeFiles/cmTryCompileExec2172674030.dir/build.make CMakeFiles/cmTryCompileExec2172674030.dir/build
gmake[1]: Entering directory '/home/mjo/temp/SMA_Toolbox/tags/DEstimator-1.0/build/linux.release/DEstimator/CMakeFiles/CMakeTmp'
/usr/bin/cmake -E cmake_progress_report /home/mjo/temp/SMA_Toolbox/tags/DEstimator-1.0/build/linux.release/DEstimator/CMakeFiles/CMakeTmp/CMakeFiles 1
Building CXX object CMakeFiles/cmTryCompileExec2172674030.dir/feature_tests.cxx.o
/usr/bin/c++    -std=c++14 -o CMakeFiles/cmTryCompileExec2172674030.dir/feature_tests.cxx.o -c /home/mjo/temp/SMA_Toolbox/tags/DEstimator-1.0/build/linux.release/DEstimator/CMakeFiles/feature_tests.cxx
Linking CXX executable cmTryCompileExec2172674030
/usr/bin/cmake -E cmake_link_script CMakeFiles/cmTryCompileExec2172674030.dir/link.txt --verbose=1
/usr/bin/c++        CMakeFiles/cmTryCompileExec2172674030.dir/feature_tests.cxx.o  -o cmTryCompileExec2172674030 -rdynamic 
gmake[1]: Leaving directory '/home/mjo/temp/SMA_Toolbox/tags/DEstimator-1.0/build/linux.release/DEstimator/CMakeFiles/CMakeTmp'


    Feature record: CXX_FEATURE:0cxx_aggregate_default_initializers
    Feature record: CXX_FEATURE:1cxx_alias_templates
    Feature record: CXX_FEATURE:1cxx_alignas
    Feature record: CXX_FEATURE:1cxx_alignof
    Feature record: CXX_FEATURE:1cxx_attributes
    Feature record: CXX_FEATURE:1cxx_attribute_deprecated
    Feature record: CXX_FEATURE:1cxx_auto_type
    Feature record: CXX_FEATURE:1cxx_binary_literals
    Feature record: CXX_FEATURE:1cxx_constexpr
    Feature record: CXX_FEATURE:1cxx_contextual_conversions
    Feature record: CXX_FEATURE:1cxx_decltype
    Feature record: CXX_FEATURE:1cxx_decltype_auto
    Feature record: CXX_FEATURE:1cxx_decltype_incomplete_return_types
    Feature record: CXX_FEATURE:1cxx_default_function_template_args
    Feature record: CXX_FEATURE:1cxx_defaulted_functions
    Feature record: CXX_FEATURE:1cxx_defaulted_move_initializers
    Feature record: CXX_FEATURE:1cxx_delegating_constructors
    Feature record: CXX_FEATURE:1cxx_deleted_functions
    Feature record: CXX_FEATURE:1cxx_digit_separators
    Feature record: CXX_FEATURE:1cxx_enum_forward_declarations
    Feature record: CXX_FEATURE:1cxx_explicit_conversions
    Feature record: CXX_FEATURE:1cxx_extended_friend_declarations
    Feature record: CXX_FEATURE:1cxx_extern_templates
    Feature record: CXX_FEATURE:1cxx_final
    Feature record: CXX_FEATURE:1cxx_func_identifier
    Feature record: CXX_FEATURE:1cxx_generalized_initializers
    Feature record: CXX_FEATURE:1cxx_generic_lambdas
    Feature record: CXX_FEATURE:1cxx_inheriting_constructors
    Feature record: CXX_FEATURE:1cxx_inline_namespaces
    Feature record: CXX_FEATURE:1cxx_lambdas
    Feature record: CXX_FEATURE:1cxx_lambda_init_captures
    Feature record: CXX_FEATURE:1cxx_local_type_template_args
    Feature record: CXX_FEATURE:1cxx_long_long_type
    Feature record: CXX_FEATURE:1cxx_noexcept
    Feature record: CXX_FEATURE:1cxx_nonstatic_member_init
    Feature record: CXX_FEATURE:1cxx_nullptr
    Feature record: CXX_FEATURE:1cxx_override
    Feature record: CXX_FEATURE:1cxx_range_for
    Feature record: CXX_FEATURE:1cxx_raw_string_literals
    Feature record: CXX_FEATURE:1cxx_reference_qualified_functions
    Feature record: CXX_FEATURE:0cxx_relaxed_constexpr
    Feature record: CXX_FEATURE:1cxx_return_type_deduction
    Feature record: CXX_FEATURE:1cxx_right_angle_brackets
    Feature record: CXX_FEATURE:1cxx_rvalue_references
    Feature record: CXX_FEATURE:1cxx_sizeof_member
    Feature record: CXX_FEATURE:1cxx_static_assert
    Feature record: CXX_FEATURE:1cxx_strong_enums
    Feature record: CXX_FEATURE:1cxx_template_template_parameters
    Feature record: CXX_FEATURE:1cxx_thread_local
    Feature record: CXX_FEATURE:1cxx_trailing_return_types
    Feature record: CXX_FEATURE:1cxx_unicode_literals
    Feature record: CXX_FEATURE:1cxx_uniform_initialization
    Feature record: CXX_FEATURE:1cxx_unrestricted_unions
    Feature record: CXX_FEATURE:1cxx_user_literals
    Feature record: CXX_FEATURE:0cxx_variable_templates
    Feature record: CXX_FEATURE:1cxx_variadic_macros
    Feature record: CXX_FEATURE:1cxx_variadic_templates


Detecting CXX [-std=c++11] compiler features compiled with the following output:
Change Dir: /home/mjo/temp/SMA_Toolbox/tags/DEstimator-1.0/build/linux.release/DEstimator/CMakeFiles/CMakeTmp

Run Build Command:"/usr/bin/gmake" "cmTryCompileExec1768777020/fast"
/usr/bin/gmake -f CMakeFiles/cmTryCompileExec1768777020.dir/build.make CMakeFiles/cmTryCompileExec1768777020.dir/build
gmake[1]: Entering directory '/home/mjo/temp/SMA_Toolbox/tags/DEstimator-1.0/build/linux.release/DEstimator/CMakeFiles/CMakeTmp'
/usr/bin/cmake -E cmake_progress_report /home/mjo/temp/SMA_Toolbox/tags/DEstimator-1.0/build/linux.release/DEstimator/CMakeFiles/CMakeTmp/CMakeFiles 1
Building CXX object CMakeFiles/cmTryCompileExec1768777020.dir/feature_tests.cxx.o
/usr/bin/c++    -std=c++11 -o CMakeFiles/cmTryCompileExec1768777020.dir/feature_tests.cxx.o -c /home/mjo/temp/SMA_Toolbox/tags/DEstimator-1.0/build/linux.release/DEstimator/CMakeFiles/feature_tests.cxx
Linking CXX executable cmTryCompileExec1768777020
/usr/bin/cmake -E cmake_link_script CMakeFiles/cmTryCompileExec1768777020.dir/link.txt --verbose=1
/usr/bin/c++        CMakeFiles/cmTryCompileExec1768777020.dir/feature_tests.cxx.o  -o cmTryCompileExec1768777020 -rdynamic 
gmake[1]: Leaving directory '/home/mjo/temp/SMA_Toolbox/tags/DEstimator-1.0/build/linux.release/DEstimator/CMakeFiles/CMakeTmp'


    Feature record: CXX_FEATURE:0cxx_aggregate_default_initializers
    Feature record: CXX_FEATURE:1cxx_alias_templates
    Feature record: CXX_FEATURE:1cxx_alignas
    Feature record: CXX_FEATURE:1cxx_alignof
    Feature record: CXX_FEATURE:1cxx_attributes
    Feature record: CXX_FEATURE:0cxx_attribute_deprecated
    Feature record: CXX_FEATURE:1cxx_auto_type
    Feature record: CXX_FEATURE:0cxx_binary_literals
    Feature record: CXX_FEATURE:1cxx_constexpr
    Feature record: CXX_FEATURE:0cxx_contextual_conversions
    Feature record: CXX_FEATURE:1cxx_decltype
    Feature record: CXX_FEATURE:0cxx_decltype_auto
    Feature record: CXX_FEATURE:1cxx_decltype_incomplete_return_types
    Feature record: CXX_FEATURE:1cxx_default_function_template_args
    Feature record: CXX_FEATURE:1cxx_defaulted_functions
    Feature record: CXX_FEATURE:1cxx_defaulted_move_initializers
    Feature record: CXX_FEATURE:1cxx_delegating_constructors
    Feature record: CXX_FEATURE:1cxx_deleted_functions
    Feature record: CXX_FEATURE:0cxx_digit_separators
    Feature record: CXX_FEATURE:1cxx_enum_forward_declarations
    Feature record: CXX_FEATURE:1cxx_explicit_conversions
    Feature record: CXX_FEATURE:1cxx_extended_friend_declarations
    Feature record: CXX_FEATURE:1cxx_extern_templates
    Feature record: CXX_FEATURE:1cxx_final
    Feature record: CXX_FEATURE:1cxx_func_identifier
    Feature record: CXX_FEATURE:1cxx_generalized_initializers
    Feature record: CXX_FEATURE:0cxx_generic_lambdas
    Feature record: CXX_FEATURE:1cxx_inheriting_constructors
    Feature record: CXX_FEATURE:1cxx_inline_namespaces
    Feature record: CXX_FEATURE:1cxx_lambdas
    Feature record: CXX_FEATURE:0cxx_lambda_init_captures
    Feature record: CXX_FEATURE:1cxx_local_type_template_args
    Feature record: CXX_FEATURE:1cxx_long_long_type
    Feature record: CXX_FEATURE:1cxx_noexcept
    Feature record: CXX_FEATURE:1cxx_nonstatic_member_init
    Feature record: CXX_FEATURE:1cxx_nullptr
    Feature record: CXX_FEATURE:1cxx_override
    Feature record: CXX_FEATURE:1cxx_range_for
    Feature record: CXX_FEATURE:1cxx_raw_string_literals
    Feature record: CXX_FEATURE:1cxx_reference_qualified_functions
    Feature record: CXX_FEATURE:0cxx_relaxed_constexpr
    Feature record: CXX_FEATURE:0cxx_return_type_deduction
    Feature record: CXX_FEATURE:1cxx_right_angle_brackets
    Feature record: CXX_FEATURE:1cxx_rvalue_references
    Feature record: CXX_FEATURE:1cxx_sizeof_member
    Feature record: CXX_FEATURE:1cxx_static_assert
    Feature record: CXX_FEATURE:1cxx_strong_enums
    Feature record: CXX_FEATURE:1cxx_template_template_parameters
    Feature record: CXX_FEATURE:1cxx_thread_local
    Feature record: CXX_FEATURE:1cxx_trailing_return_types
    Feature record: CXX_FEATURE:1cxx_unicode_literals
    Feature record: CXX_FEATURE:1cxx_uniform_initialization
    Feature record: CXX_FEATURE:1cxx_unrestricted_unions
    Feature record: CXX_FEATURE:1cxx_user_literals
    Feature record: CXX_FEATURE:0cxx_variable_templates
    Feature record: CXX_FEATURE:1cxx_variadic_macros
    Feature record: CXX_FEATURE:1cxx_variadic_templates


Detecting CXX [-std=c++98] compiler features compiled with the following output:
Change Dir: /home/mjo/temp/SMA_Toolbox/tags/DEstimator-1.0/build/linux.release/DEstimator/CMakeFiles/CMakeTmp

Run Build Command:"/usr/bin/gmake" "cmTryCompileExec2110117964/fast"
/usr/bin/gmake -f CMakeFiles/cmTryCompileExec2110117964.dir/build.make CMakeFiles/cmTryCompileExec2110117964.dir/build
gmake[1]: Entering directory '/home/mjo/temp/SMA_Toolbox/tags/DEstimator-1.0/build/linux.release/DEstimator/CMakeFiles/CMakeTmp'
/usr/bin/cmake -E cmake_progress_report /home/mjo/temp/SMA_Toolbox/tags/DEstimator-1.0/build/linux.release/DEstimator/CMakeFiles/CMakeTmp/CMakeFiles 1
Building CXX object CMakeFiles/cmTryCompileExec2110117964.dir/feature_tests.cxx.o
/usr/bin/c++    -std=c++98 -o CMakeFiles/cmTryCompileExec2110117964.dir/feature_tests.cxx.o -c /home/mjo/temp/SMA_Toolbox/tags/DEstimator-1.0/build/linux.release/DEstimator/CMakeFiles/feature_tests.cxx
Linking CXX executable cmTryCompileExec2110117964
/usr/bin/cmake -E cmake_link_script CMakeFiles/cmTryCompileExec2110117964.dir/link.txt --verbose=1
/usr/bin/c++        CMakeFiles/cmTryCompileExec2110117964.dir/feature_tests.cxx.o  -o cmTryCompileExec2110117964 -rdynamic 
gmake[1]: Leaving directory '/home/mjo/temp/SMA_Toolbox/tags/DEstimator-1.0/build/linux.release/DEstimator/CMakeFiles/CMakeTmp'


    Feature record: CXX_FEATURE:0cxx_aggregate_default_initializers
    Feature record: CXX_FEATURE:0cxx_alias_templates
    Feature record: CXX_FEATURE:0cxx_alignas
    Feature record: CXX_FEATURE:0cxx_alignof
    Feature record: CXX_FEATURE:0cxx_attributes
    Feature record: CXX_FEATURE:0cxx_attribute_deprecated
    Feature record: CXX_FEATURE:0cxx_auto_type
    Feature record: CXX_FEATURE:0cxx_binary_literals
    Feature record: CXX_FEATURE:0cxx_constexpr
    Feature record: CXX_FEATURE:0cxx_contextual_conversions
    Feature record: CXX_FEATURE:0cxx_decltype
    Feature record: CXX_FEATURE:0cxx_decltype_auto
    Feature record: CXX_FEATURE:0cxx_decltype_incomplete_return_types
    Feature record: CXX_FEATURE:0cxx_default_function_template_args
    Feature record: CXX_FEATURE:0cxx_defaulted_functions
    Feature record: CXX_FEATURE:0cxx_defaulted_move_initializers
    Feature record: CXX_FEATURE:0cxx_delegating_constructors
    Feature record: CXX_FEATURE:0cxx_deleted_functions
    Feature record: CXX_FEATURE:0cxx_digit_separators
    Feature record: CXX_FEATURE:0cxx_enum_forward_declarations
    Feature record: CXX_FEATURE:0cxx_explicit_conversions
    Feature record: CXX_FEATURE:0cxx_extended_friend_declarations
    Feature record: CXX_FEATURE:0cxx_extern_templates
    Feature record: CXX_FEATURE:0cxx_final
    Feature record: CXX_FEATURE:0cxx_func_identifier
    Feature record: CXX_FEATURE:0cxx_generalized_initializers
    Feature record: CXX_FEATURE:0cxx_generic_lambdas
    Feature record: CXX_FEATURE:0cxx_inheriting_constructors
    Feature record: CXX_FEATURE:0cxx_inline_namespaces
    Feature record: CXX_FEATURE:0cxx_lambdas
    Feature record: CXX_FEATURE:0cxx_lambda_init_captures
    Feature record: CXX_FEATURE:0cxx_local_type_template_args
    Feature record: CXX_FEATURE:0cxx_long_long_type
    Feature record: CXX_FEATURE:0cxx_noexcept
    Feature record: CXX_FEATURE:0cxx_nonstatic_member_init
    Feature record: CXX_FEATURE:0cxx_nullptr
    Feature record: CXX_FEATURE:0cxx_override
    Feature record: CXX_FEATURE:0cxx_range_for
    Feature record: CXX_FEATURE:0cxx_raw_string_literals
    Feature record: CXX_FEATURE:0cxx_reference_qualified_functions
    Feature record: CXX_FEATURE:0cxx_relaxed_constexpr
    Feature record: CXX_FEATURE:0cxx_return_type_deduction
    Feature record: CXX_FEATURE:0cxx_right_angle_brackets
    Feature record: CXX_FEATURE:0cxx_rvalue_references
    Feature record: CXX_FEATURE:0cxx_sizeof_member
    Feature record: CXX_FEATURE:0cxx_static_assert
    Feature record: CXX_FEATURE:0cxx_strong_enums
    Feature record: CXX_FEATURE:1cxx_template_template_parameters
    Feature record: CXX_FEATURE:0cxx_thread_local
    Feature record: CXX_FEATURE:0cxx_trailing_return_types
    Feature record: CXX_FEATURE:0cxx_unicode_literals
    Feature record: CXX_FEATURE:0cxx_uniform_initialization
    Feature record: CXX_FEATURE:0cxx_unrestricted_unions
    Feature record: CXX_FEATURE:0cxx_user_literals
    Feature record: CXX_FEATURE:0cxx_variable_templates
    Feature record: CXX_FEATURE:0cxx_variadic_macros
    Feature record: CXX_FEATURE:0cxx_variadic_templates
